2023-04-18 20:46:00 INFO  Log:15 - *********************
2023-04-18 20:46:00 INFO  Log:16 - *********************
2023-04-18 20:46:00 INFO  Log:17 - **********This is the beginning of my Test case**********
2023-04-18 20:46:00 INFO  Log:29 - My test case is executing right now
2023-04-18 20:46:00 INFO  Log:34 - My test case might have some trivial issues
2023-04-18 20:47:00 INFO  Log:29 - This test case is about to be completed
2023-04-18 20:47:00 INFO  Log:22 - ########################
2023-04-18 20:47:00 INFO  Log:23 - ########################
2023-04-18 20:47:00 INFO  Log:24 - ##########This test case is finished##########
2023-04-18 21:56:06 INFO  Log:15 - *********************
2023-04-18 21:56:06 INFO  Log:16 - *********************
2023-04-18 21:56:06 INFO  Log:17 - **********This is the beginning of my Test case**********
2023-04-18 21:56:06 INFO  Log:29 - My test case is executing right now
2023-04-18 21:56:06 INFO  Log:34 - My test case might have some trivial issues
2023-04-18 21:56:22 INFO  Log:29 - This test case is about to be completed
2023-04-18 21:56:22 INFO  Log:22 - ########################
2023-04-18 21:56:22 INFO  Log:23 - ########################
2023-04-18 21:56:22 INFO  Log:24 - ##########This test case is finished##########
2023-04-18 22:08:34 INFO  Log:15 - *********************
2023-04-18 22:08:34 INFO  Log:16 - *********************
2023-04-18 22:08:34 INFO  Log:17 - **********This is the beginning of my Test case**********
2023-04-18 22:08:34 INFO  Log:29 - My test case is executing right now
2023-04-18 22:08:34 INFO  Log:34 - My test case might have some trivial issues
2023-04-18 22:08:41 INFO  Log:29 - This test case is about to be completed
2023-04-18 22:08:41 INFO  Log:22 - ########################
2023-04-18 22:08:41 INFO  Log:23 - ########################
2023-04-18 22:08:41 INFO  Log:24 - ##########This test case is finished##########
2023-04-23 11:06:07 INFO  Log:15 - *********************
2023-04-23 11:06:07 INFO  Log:16 - *********************
2023-04-23 11:06:07 INFO  Log:17 - **********This is the beginning of my Test case**********
2023-04-23 11:06:07 INFO  Log:30 - My test case is executing right now
2023-04-23 11:06:07 INFO  Log:35 - My test case might have some trivial issues
2023-04-23 11:06:14 INFO  Log:30 - This test case is about to be completed
2023-04-23 11:06:14 INFO  Log:22 - ########################
2023-04-23 11:06:14 INFO  Log:23 - ########################
2023-04-23 11:06:14 INFO  Log:24 - ##########This test case is finished##########
2023-05-13 12:28:41 INFO  Log:15 - *********************
2023-05-13 12:28:41 INFO  Log:16 - *********************
2023-05-13 12:28:41 INFO  Log:17 - **********This is the beginning of my Test case**********
2023-05-13 12:28:41 INFO  Log:30 - My test case is executing right now
2023-05-13 12:28:41 INFO  Log:35 - My test case might have some trivial issues
2023-05-13 12:28:47 INFO  Log:30 - This test case is about to be completed
2023-05-13 12:28:47 INFO  Log:22 - ########################
2023-05-13 12:28:47 INFO  Log:23 - ########################
2023-05-13 12:28:47 INFO  Log:24 - ##########This test case is finished##########
2023-05-13 12:40:11 INFO  Log:15 - *********************
2023-05-13 12:40:11 INFO  Log:16 - *********************
2023-05-13 12:40:11 INFO  Log:17 - **********This is the beginning of my Test case**********
2023-05-13 12:40:11 INFO  Log:30 - My test case is executing right now
2023-05-13 12:40:11 INFO  Log:35 - My test case might have some trivial issues
2023-05-13 12:40:16 INFO  Log:30 - This test case is about to be completed
2023-05-13 12:40:16 INFO  Log:22 - ########################
2023-05-13 12:40:16 INFO  Log:23 - ########################
2023-05-13 12:40:16 INFO  Log:24 - ##########This test case is finished##########
2023-05-13 12:41:22 INFO  Log:15 - *********************
2023-05-13 12:41:22 INFO  Log:16 - *********************
2023-05-13 12:41:22 INFO  Log:17 - **********This is the beginning of my Test case**********
2023-05-13 12:41:22 INFO  Log:30 - My test case is executing right now
2023-05-13 12:41:22 INFO  Log:35 - My test case might have some trivial issues
2023-05-13 12:41:29 INFO  Log:30 - This test case is about to be completed
2023-05-13 12:41:29 INFO  Log:22 - ########################
2023-05-13 12:41:29 INFO  Log:23 - ########################
2023-05-13 12:41:29 INFO  Log:24 - ##########This test case is finished##########
2023-05-30 21:33:34 INFO  Log:15 - *********************
2023-05-30 21:33:34 INFO  Log:16 - *********************
2023-05-30 21:33:34 INFO  Log:17 - **********This is the beginning of my Test case**********
2023-05-30 21:33:34 INFO  Log:30 - My test case is executing right now
2023-05-30 21:33:34 INFO  Log:35 - My test case might have some trivial issues
2023-05-30 21:34:10 INFO  Log:30 - This test case is about to be completed
2023-05-30 21:34:10 INFO  Log:22 - ########################
2023-05-30 21:34:10 INFO  Log:23 - ########################
2023-05-30 21:34:10 INFO  Log:24 - ##########This test case is finished##########
